
Showing logs for build [32mcb-kubecd-environment-pr-1351-6-64dvb-1[0m stage [32mfrom-build-pack[0m and container [32mstep-credential-initializer-dx9pb[0m
{"level":"warn","ts":1585822703.4329178,"logger":"fallback-logger","caller":"logging/config.go:69","msg":"Fetch GitHub commit ID from kodata failed: \"ref: refs/heads/0.8.0-**-support-backwards-incompats\" is not a valid GitHub commit ID"}
{"level":"info","ts":1585822703.4335377,"logger":"fallback-logger","caller":"creds-init/main.go:40","msg":"Credentials initialized."}

Showing logs for build [32mcb-kubecd-environment-pr-1351-6-64dvb-1[0m stage [32mfrom-build-pack[0m and container [32mstep-working-dir-initializer-rn2dg[0m
{"level":"warn","ts":1585822704.4307694,"logger":"fallback-logger","caller":"logging/config.go:69","msg":"Fetch GitHub commit ID from kodata failed: open /var/run/ko/HEAD: no such file or directory"}
{"level":"info","ts":1585822704.4351087,"logger":"fallback-logger","caller":"bash/main.go:64","msg":"Successfully executed command \"sh -c mkdir -p /workspace/source\"; output "}

Showing logs for build [32mcb-kubecd-environment-pr-1351-6-64dvb-1[0m stage [32mfrom-build-pack[0m and container [32mstep-place-tools[0m

Showing logs for build [32mcb-kubecd-environment-pr-1351-6-64dvb-1[0m stage [32mfrom-build-pack[0m and container [32mstep-git-source-cb-kubecd-environment-pr-1351-6-64dvb-9lpxd[0m
{"level":"warn","ts":1585822709.4617476,"logger":"fallback-logger","caller":"logging/config.go:69","msg":"Fetch GitHub commit ID from kodata failed: \"ref: refs/heads/0.8.0-**-support-backwards-incompats\" is not a valid GitHub commit ID"}
{"level":"info","ts":1585822710.496205,"logger":"fallback-logger","caller":"git/git.go:103","msg":"Successfully cloned https://github.com/cb-kubecd/environment-pr-1351-6-bdd-frontend-staging.git @ master in path /workspace/source"}

Showing logs for build [32mcb-kubecd-environment-pr-1351-6-64dvb-1[0m stage [32mfrom-build-pack[0m and container [32mstep-git-merge[0m
Using SHAs from PULL_REFS=master:1223c96533649f05051c9e58c2207a2b92b5cfae,1:babd2a2ce55872c167eaa5bfa6253cf2205f7613
DEBUG: LC_ALL=C JX_LOG_LEVEL=error git fetch origin --unshallow babd2a2ce55872c167eaa5bfa6253cf2205f7613: 1223c96533649f05051c9e58c2207a2b92b5cfae:
DEBUG: ran git fetch --unshallow origin babd2a2ce55872c167eaa5bfa6253cf2205f7613: 1223c96533649f05051c9e58c2207a2b92b5cfae: in 
DEBUG: LC_ALL=C JX_LOG_LEVEL=error git branch
DEBUG: JX_LOG_LEVEL=error LC_ALL=C git checkout master
DEBUG: ran git checkout master in 
DEBUG: LC_ALL=C JX_LOG_LEVEL=error git reset --hard 1223c96533649f05051c9e58c2207a2b92b5cfae
DEBUG: ran git reset --hard 1223c96533649f05051c9e58c2207a2b92b5cfae in 
DEBUG: LC_ALL=C JX_LOG_LEVEL=error git clean -fd .
DEBUG: ran clean --force -d . in 
DEBUG: LC_ALL=C JX_LOG_LEVEL=error git merge babd2a2ce55872c167eaa5bfa6253cf2205f7613
DEBUG: ran git merge babd2a2ce55872c167eaa5bfa6253cf2205f7613 in 
DEBUG: LC_ALL=C JX_LOG_LEVEL=error git log --format=%H%x1f%an%x1f%ae%x1f%cn%x1f%ce%x1f%s%n%b%x1e 1223c96533649f05051c9e58c2207a2b92b5cfae..HEAD
Merged SHA babd2a2ce55872c167eaa5bfa6253cf2205f7613 with commit message 'chore: Promote bdd-nh-1585821691 to version 0.0.1' into base branch master

Showing logs for build [32mcb-kubecd-environment-pr-1351-6-64dvb-1[0m stage [32mfrom-build-pack[0m and container [32mstep-build-helm-build[0m
WARNING: No $CHART_REPOSITORY defined so using the default value of: http://jenkins-x-chartmuseum:8080
Adding missing Helm repo: storage.googleapis.com https://storage.googleapis.com/chartmuseum.jenkins-x.io
WARNING: No secrets found on "helm/repos" due: reading the secret "helm/repos" from vault: no secret "helm/repos" not found in vault
Read credentials for https://storage.googleapis.com/chartmuseum.jenkins-x.io from vault helm/repos
Successfully added Helm repository storage.googleapis.com.
Adding missing Helm repo: jenkins-x-chartmuseum http://jenkins-x-chartmuseum:8080
WARNING: No secrets found on "helm/repos" due: reading the secret "helm/repos" from vault: no secret "helm/repos" not found in vault
Read credentials for http://jenkins-x-chartmuseum:8080 from vault helm/repos
Successfully added Helm repository jenkins-x-chartmuseum.
WARNING: No $CHART_REPOSITORY defined so using the default value of: http://jenkins-x-chartmuseum:8080
Adding missing Helm repo: chartmuseum.jenkins-x.io http://chartmuseum.jenkins-x.io
WARNING: No secrets found on "helm/repos" due: reading the secret "helm/repos" from vault: no secret "helm/repos" not found in vault
Read credentials for http://chartmuseum.jenkins-x.io from vault helm/repos
Successfully added Helm repository chartmuseum.jenkins-x.io.
